<?xml version="1.0" encoding="UTF-8"?>
<!-- Generated by org.testng.reporters.JUnitReportReporter -->
<testsuite skipped="0" hostname="MAASDS03681A" name="com.isca.testcases.TC001_ISCA_EditorLogin" tests="1" failures="0" timestamp="26 Jul 2023 03:58:31 GMT" time="7.126" errors="0">
  <testcase name="loginCheck" time="7.126" classname="com.isca.testcases.TC001_ISCA_EditorLogin"/>
</testsuite> <!-- com.isca.testcases.TC001_ISCA_EditorLogin -->
