<?xml version="1.0" encoding="UTF-8"?>
<!-- Generated by org.testng.reporters.JUnitReportReporter -->
<testsuite skipped="0" hostname="MAASDS02610A" name="com.bis.testcases.TC002_NABARD" tests="1" failures="0" timestamp="2022-11-18T11:47:16 IST" time="188.964" errors="0">
  <testcase name="adminLoginCheck" time="188.964" classname="com.bis.testcases.TC002_NABARD"/>
  <system-out/>
</testsuite> <!-- com.bis.testcases.TC002_NABARD -->
