<?xml version="1.0" encoding="UTF-8"?>
<!-- Generated by org.testng.reporters.JUnitReportReporter -->
<testsuite skipped="0" hostname="MAASDS03681A" name="com.isca.testcases.ISCA_Editor" tests="1" failures="0" timestamp="25 Jul 2023 05:34:32 GMT" time="24.857" errors="0">
  <testcase name="loginCheck" time="24.857" classname="com.isca.testcases.ISCA_Editor"/>
</testsuite> <!-- com.isca.testcases.ISCA_Editor -->
