<?xml version="1.0" encoding="UTF-8"?>
<!-- Generated by org.testng.reporters.JUnitReportReporter -->
<testsuite skipped="0" hostname="MAASDS02610A" name="com.bis.testcases.App_RCRB" tests="1" failures="0" timestamp="2023-01-03T11:40:51 IST" time="14.429" errors="0">
  <testcase name="adminLoginCheck" time="14.429" classname="com.bis.testcases.App_RCRB"/>
  <system-out/>
</testsuite> <!-- com.bis.testcases.App_RCRB -->
