<?xml version="1.0" encoding="UTF-8"?>
<!-- Generated by org.testng.reporters.JUnitReportReporter -->
<testsuite hostname="MAA017906A" failures="0" tests="1" name="com.livewire.testcases.UserTest" time="358.499" errors="0" timestamp="2024-09-09T18:13:20 IST" skipped="0">
  <testcase classname="com.livewire.testcases.UserTest" name="superAdminLogin" time="358.499"/>
</testsuite> <!-- com.livewire.testcases.UserTest -->
