<?xml version="1.0" encoding="UTF-8"?>
<!-- Generated by org.testng.reporters.JUnitReportReporter -->
<testsuite skipped="0" hostname="MAASDS02610A" name="com.swag.testcases.App_SwagLabs" tests="1" failures="0" timestamp="2023-06-21T17:28:58 IST" time="13.236" errors="0">
  <testcase name="loginCheck" time="13.236" classname="com.swag.testcases.App_SwagLabs"/>
  <system-out/>
</testsuite> <!-- com.swag.testcases.App_SwagLabs -->
