<?xml version="1.0" encoding="UTF-8"?>
<!-- Generated by org.testng.reporters.JUnitReportReporter -->
<testsuite skipped="0" hostname="MAASDS02610A" name="com.bis.testcases.TC003_BMC" tests="1" failures="0" timestamp="2022-11-17T16:23:05 IST" time="1632.604" errors="0">
  <testcase name="adminLoginCheck" time="1632.604" classname="com.bis.testcases.TC003_BMC"/>
  <system-out/>
</testsuite> <!-- com.bis.testcases.TC003_BMC -->
