<?xml version="1.0" encoding="UTF-8"?>
<!-- Generated by org.testng.reporters.JUnitReportReporter -->
<testsuite skipped="0" hostname="MAASDS02610A" name="com.ibps.testcases.App_CIDCO" tests="1" failures="0" timestamp="2023-04-05T15:16:51 IST" time="17.146" errors="0">
  <testcase name="adminLoginCheck" time="17.146" classname="com.ibps.testcases.App_CIDCO"/>
  <system-out/>
</testsuite> <!-- com.ibps.testcases.App_CIDCO -->
