<?xml version="1.0" encoding="UTF-8"?>
<!-- Generated by org.testng.reporters.JUnitReportReporter -->
<testsuite skipped="0" hostname="MAASDS02610A" name="com.ibps.testcases.App_NHB" tests="1" failures="0" timestamp="2023-01-25T15:06:02 IST" time="13.547" errors="0">
  <testcase name="adminLoginCheck" time="13.547" classname="com.ibps.testcases.App_NHB"/>
  <system-out/>
</testsuite> <!-- com.ibps.testcases.App_NHB -->
