<?xml version="1.0" encoding="UTF-8"?>
<!-- Generated by org.testng.reporters.JUnitReportReporter -->
<testsuite hostname="MAA018013A" failures="0" tests="1" name="com.livewire.testcases.TC03_WBT_WBTBasedTrainingTest" time="507.710" errors="0" timestamp="2025-01-03T16:34:19 IST" skipped="0">
  <testcase classname="com.livewire.testcases.TC03_WBT_WBTBasedTrainingTest" name="LoginTest" time="507.710"/>
</testsuite> <!-- com.livewire.testcases.TC03_WBT_WBTBasedTrainingTest -->
