<?xml version="1.0" encoding="UTF-8"?>
<!-- Generated by org.testng.reporters.JUnitReportReporter -->
<testsuite skipped="0" hostname="MAASDS02610A" name="com.bis.testcases.App_BIS2" tests="1" failures="0" timestamp="2023-01-10T14:35:28 IST" time="5086.377" errors="0">
  <testcase name="adminLoginCheck" time="5086.377" classname="com.bis.testcases.App_BIS2"/>
  <system-out/>
</testsuite> <!-- com.bis.testcases.App_BIS2 -->
