<?xml version="1.0" encoding="UTF-8"?>
<!-- Generated by org.testng.reporters.JUnitReportReporter -->
<testsuite skipped="0" hostname="MAASDS02610A" name="com.bis.testcases.TC004_RASHTRIYA" tests="1" failures="0" timestamp="2022-11-17T15:41:00 IST" time="955.025" errors="0">
  <testcase name="adminLoginCheck" time="955.025" classname="com.bis.testcases.TC004_RASHTRIYA"/>
  <system-out/>
</testsuite> <!-- com.bis.testcases.TC004_RASHTRIYA -->
