<?xml version="1.0" encoding="UTF-8"?>
<!-- Generated by org.testng.reporters.JUnitReportReporter -->
<testsuite skipped="0" hostname="MAASDS03681A" name="com.isca.testcases.ISCA_Admin" tests="1" failures="0" timestamp="24 Jul 2023 11:49:05 GMT" time="16.048" errors="0">
  <testcase name="loginCheck" time="16.048" classname="com.isca.testcases.ISCA_Admin"/>
</testsuite> <!-- com.isca.testcases.ISCA_Admin -->
