<?xml version="1.0" encoding="UTF-8"?>
<!-- Generated by org.testng.reporters.JUnitReportReporter -->
<testsuite skipped="0" hostname="MAASDS02610A" name="com.bis.testcases.TC009_BI_SSA" tests="75" failures="0" timestamp="2022-09-27T17:12:35 IST" time="11678.793" errors="0">
  <testcase name="adminLoginCheck" time="140.947" classname="com.bis.testcases.TC009_BI_SSA"/>
  <system-out/>
  <testcase name="adminLoginCheck" time="152.522" classname="com.bis.testcases.TC009_BI_SSA"/>
  <system-out/>
  <testcase name="adminLoginCheck" time="154.960" classname="com.bis.testcases.TC009_BI_SSA"/>
  <system-out/>
  <testcase name="adminLoginCheck" time="164.142" classname="com.bis.testcases.TC009_BI_SSA"/>
  <system-out/>
  <testcase name="adminLoginCheck" time="152.407" classname="com.bis.testcases.TC009_BI_SSA"/>
  <system-out/>
  <testcase name="adminLoginCheck" time="153.723" classname="com.bis.testcases.TC009_BI_SSA"/>
  <system-out/>
  <testcase name="adminLoginCheck" time="161.042" classname="com.bis.testcases.TC009_BI_SSA"/>
  <system-out/>
  <testcase name="adminLoginCheck" time="139.464" classname="com.bis.testcases.TC009_BI_SSA"/>
  <system-out/>
  <testcase name="adminLoginCheck" time="150.371" classname="com.bis.testcases.TC009_BI_SSA"/>
  <system-out/>
  <testcase name="adminLoginCheck" time="168.837" classname="com.bis.testcases.TC009_BI_SSA"/>
  <system-out/>
  <testcase name="adminLoginCheck" time="139.702" classname="com.bis.testcases.TC009_BI_SSA"/>
  <system-out/>
  <testcase name="adminLoginCheck" time="149.605" classname="com.bis.testcases.TC009_BI_SSA"/>
  <system-out/>
  <testcase name="adminLoginCheck" time="156.234" classname="com.bis.testcases.TC009_BI_SSA"/>
  <system-out/>
  <testcase name="adminLoginCheck" time="156.542" classname="com.bis.testcases.TC009_BI_SSA"/>
  <system-out/>
  <testcase name="adminLoginCheck" time="146.905" classname="com.bis.testcases.TC009_BI_SSA"/>
  <system-out/>
  <testcase name="adminLoginCheck" time="138.610" classname="com.bis.testcases.TC009_BI_SSA"/>
  <system-out/>
  <testcase name="adminLoginCheck" time="132.937" classname="com.bis.testcases.TC009_BI_SSA"/>
  <system-out/>
  <testcase name="adminLoginCheck" time="146.247" classname="com.bis.testcases.TC009_BI_SSA"/>
  <system-out/>
  <testcase name="adminLoginCheck" time="139.193" classname="com.bis.testcases.TC009_BI_SSA"/>
  <system-out/>
  <testcase name="adminLoginCheck" time="136.645" classname="com.bis.testcases.TC009_BI_SSA"/>
  <system-out/>
  <testcase name="adminLoginCheck" time="157.562" classname="com.bis.testcases.TC009_BI_SSA"/>
  <system-out/>
  <testcase name="adminLoginCheck" time="152.171" classname="com.bis.testcases.TC009_BI_SSA"/>
  <system-out/>
  <testcase name="adminLoginCheck" time="149.559" classname="com.bis.testcases.TC009_BI_SSA"/>
  <system-out/>
  <testcase name="adminLoginCheck" time="157.150" classname="com.bis.testcases.TC009_BI_SSA"/>
  <system-out/>
  <testcase name="adminLoginCheck" time="144.713" classname="com.bis.testcases.TC009_BI_SSA"/>
  <system-out/>
  <testcase name="adminLoginCheck" time="143.968" classname="com.bis.testcases.TC009_BI_SSA"/>
  <system-out/>
  <testcase name="adminLoginCheck" time="160.485" classname="com.bis.testcases.TC009_BI_SSA"/>
  <system-out/>
  <testcase name="adminLoginCheck" time="142.800" classname="com.bis.testcases.TC009_BI_SSA"/>
  <system-out/>
  <testcase name="adminLoginCheck" time="157.223" classname="com.bis.testcases.TC009_BI_SSA"/>
  <system-out/>
  <testcase name="adminLoginCheck" time="163.171" classname="com.bis.testcases.TC009_BI_SSA"/>
  <system-out/>
  <testcase name="adminLoginCheck" time="166.343" classname="com.bis.testcases.TC009_BI_SSA"/>
  <system-out/>
  <testcase name="adminLoginCheck" time="138.648" classname="com.bis.testcases.TC009_BI_SSA"/>
  <system-out/>
  <testcase name="adminLoginCheck" time="141.598" classname="com.bis.testcases.TC009_BI_SSA"/>
  <system-out/>
  <testcase name="adminLoginCheck" time="158.549" classname="com.bis.testcases.TC009_BI_SSA"/>
  <system-out/>
  <testcase name="adminLoginCheck" time="150.945" classname="com.bis.testcases.TC009_BI_SSA"/>
  <system-out/>
  <testcase name="adminLoginCheck" time="150.070" classname="com.bis.testcases.TC009_BI_SSA"/>
  <system-out/>
  <testcase name="adminLoginCheck" time="155.987" classname="com.bis.testcases.TC009_BI_SSA"/>
  <system-out/>
  <testcase name="adminLoginCheck" time="146.656" classname="com.bis.testcases.TC009_BI_SSA"/>
  <system-out/>
  <testcase name="adminLoginCheck" time="159.772" classname="com.bis.testcases.TC009_BI_SSA"/>
  <system-out/>
  <testcase name="adminLoginCheck" time="152.011" classname="com.bis.testcases.TC009_BI_SSA"/>
  <system-out/>
  <testcase name="adminLoginCheck" time="153.513" classname="com.bis.testcases.TC009_BI_SSA"/>
  <system-out/>
  <testcase name="adminLoginCheck" time="145.252" classname="com.bis.testcases.TC009_BI_SSA"/>
  <system-out/>
  <testcase name="adminLoginCheck" time="160.154" classname="com.bis.testcases.TC009_BI_SSA"/>
  <system-out/>
  <testcase name="adminLoginCheck" time="159.209" classname="com.bis.testcases.TC009_BI_SSA"/>
  <system-out/>
  <testcase name="adminLoginCheck" time="144.920" classname="com.bis.testcases.TC009_BI_SSA"/>
  <system-out/>
  <testcase name="adminLoginCheck" time="151.335" classname="com.bis.testcases.TC009_BI_SSA"/>
  <system-out/>
  <testcase name="adminLoginCheck" time="151.953" classname="com.bis.testcases.TC009_BI_SSA"/>
  <system-out/>
  <testcase name="adminLoginCheck" time="159.124" classname="com.bis.testcases.TC009_BI_SSA"/>
  <system-out/>
  <testcase name="adminLoginCheck" time="154.599" classname="com.bis.testcases.TC009_BI_SSA"/>
  <system-out/>
  <testcase name="adminLoginCheck" time="149.243" classname="com.bis.testcases.TC009_BI_SSA"/>
  <system-out/>
  <testcase name="adminLoginCheck" time="141.873" classname="com.bis.testcases.TC009_BI_SSA"/>
  <system-out/>
  <testcase name="adminLoginCheck" time="149.960" classname="com.bis.testcases.TC009_BI_SSA"/>
  <system-out/>
  <testcase name="adminLoginCheck" time="151.911" classname="com.bis.testcases.TC009_BI_SSA"/>
  <system-out/>
  <testcase name="adminLoginCheck" time="148.250" classname="com.bis.testcases.TC009_BI_SSA"/>
  <system-out/>
  <testcase name="adminLoginCheck" time="175.636" classname="com.bis.testcases.TC009_BI_SSA"/>
  <system-out/>
  <testcase name="adminLoginCheck" time="141.634" classname="com.bis.testcases.TC009_BI_SSA"/>
  <system-out/>
  <testcase name="adminLoginCheck" time="146.210" classname="com.bis.testcases.TC009_BI_SSA"/>
  <system-out/>
  <testcase name="adminLoginCheck" time="162.740" classname="com.bis.testcases.TC009_BI_SSA"/>
  <system-out/>
  <testcase name="adminLoginCheck" time="160.761" classname="com.bis.testcases.TC009_BI_SSA"/>
  <system-out/>
  <testcase name="adminLoginCheck" time="160.394" classname="com.bis.testcases.TC009_BI_SSA"/>
  <system-out/>
  <testcase name="adminLoginCheck" time="145.310" classname="com.bis.testcases.TC009_BI_SSA"/>
  <system-out/>
  <testcase name="adminLoginCheck" time="137.284" classname="com.bis.testcases.TC009_BI_SSA"/>
  <system-out/>
  <testcase name="adminLoginCheck" time="183.106" classname="com.bis.testcases.TC009_BI_SSA"/>
  <system-out/>
  <testcase name="adminLoginCheck" time="137.081" classname="com.bis.testcases.TC009_BI_SSA"/>
  <system-out/>
  <testcase name="adminLoginCheck" time="151.354" classname="com.bis.testcases.TC009_BI_SSA"/>
  <system-out/>
  <testcase name="adminLoginCheck" time="151.101" classname="com.bis.testcases.TC009_BI_SSA"/>
  <system-out/>
  <testcase name="adminLoginCheck" time="158.947" classname="com.bis.testcases.TC009_BI_SSA"/>
  <system-out/>
  <testcase name="adminLoginCheck" time="145.751" classname="com.bis.testcases.TC009_BI_SSA"/>
  <system-out/>
  <testcase name="adminLoginCheck" time="144.101" classname="com.bis.testcases.TC009_BI_SSA"/>
  <system-out/>
  <testcase name="adminLoginCheck" time="142.505" classname="com.bis.testcases.TC009_BI_SSA"/>
  <system-out/>
  <testcase name="adminLoginCheck" time="169.758" classname="com.bis.testcases.TC009_BI_SSA"/>
  <system-out/>
  <testcase name="adminLoginCheck" time="136.875" classname="com.bis.testcases.TC009_BI_SSA"/>
  <system-out/>
  <testcase name="adminLoginCheck" time="142.604" classname="com.bis.testcases.TC009_BI_SSA"/>
  <system-out/>
  <testcase name="adminLoginCheck" time="144.544" classname="com.bis.testcases.TC009_BI_SSA"/>
  <system-out/>
  <testcase name="adminLoginCheck" time="489.385" classname="com.bis.testcases.TC009_BI_SSA"/>
  <system-out/>
</testsuite> <!-- com.bis.testcases.TC009_BI_SSA -->
