<?xml version="1.0" encoding="UTF-8"?>
<!-- Generated by org.testng.reporters.JUnitReportReporter -->
<testsuite hostname="MAA018013A" failures="0" tests="1" name="com.livewire.testcases.TC01_Assignment" time="244.539" errors="0" timestamp="2024-12-23T17:41:38 IST" skipped="0">
  <testcase classname="com.livewire.testcases.TC01_Assignment" name="superAdminLogin" time="244.539"/>
</testsuite> <!-- com.livewire.testcases.TC01_Assignment -->
