<?xml version="1.0" encoding="UTF-8"?>
<!-- Generated by org.testng.reporters.JUnitReportReporter -->
<testsuite hostname="MAA018013A" failures="0" tests="1" name="com.jenkinsPractice.testcases.TC02_HomePageTest" time="14.480" errors="0" timestamp="2025-06-17T13:24:05 IST" skipped="0">
  <testcase classname="com.jenkinsPractice.testcases.TC02_HomePageTest" name="jenkinsTest" time="14.480"/>
</testsuite> <!-- com.jenkinsPractice.testcases.TC02_HomePageTest -->
