<?xml version="1.0" encoding="UTF-8"?>
<!-- Generated by org.testng.reporters.JUnitReportReporter -->
<testsuite hostname="MAA018013A" failures="0" tests="1" name="com.livewire.testcases.TC01_Assessment" time="766.577" errors="0" timestamp="2025-03-27T14:56:08 IST" skipped="0">
  <testcase classname="com.livewire.testcases.TC01_Assessment" name="LoginTest" time="766.577"/>
</testsuite> <!-- com.livewire.testcases.TC01_Assessment -->
