<?xml version="1.0" encoding="UTF-8"?>
<!-- Generated by org.testng.reporters.JUnitReportReporter -->
<testsuite skipped="0" hostname="MAASDS02610A" name="com.bis.testcases.App_IOB" tests="1" failures="0" timestamp="2022-12-07T16:28:06 IST" time="3472.853" errors="0">
  <testcase name="adminLoginCheck" time="3472.853" classname="com.bis.testcases.App_IOB"/>
  <system-out/>
</testsuite> <!-- com.bis.testcases.App_IOB -->
