<?xml version="1.0" encoding="UTF-8"?>
<!-- Generated by org.testng.reporters.JUnitReportReporter -->
<testsuite skipped="0" hostname="MAASDS03681A" name="com.isca.testcases.TC002_ISCA_AdminJobListPage" tests="1" failures="0" timestamp="01 Aug 2023 12:28:36 GMT" time="11.859" errors="0">
  <testcase name="loginCheck" time="11.859" classname="com.isca.testcases.TC002_ISCA_AdminJobListPage"/>
</testsuite> <!-- com.isca.testcases.TC002_ISCA_AdminJobListPage -->
