<?xml version="1.0" encoding="UTF-8"?>
<!-- Generated by org.testng.reporters.JUnitReportReporter -->
<testsuite hostname="MAA018013A" failures="0" tests="1" name="com.livewire.testcases.TC02_HomePageTest" time="8.196" errors="0" timestamp="2025-06-03T15:42:19 IST" skipped="0">
  <testcase classname="com.livewire.testcases.TC02_HomePageTest" name="jenkinsTest" time="8.196"/>
</testsuite> <!-- com.livewire.testcases.TC02_HomePageTest -->
