<?xml version="1.0" encoding="UTF-8"?>
<!-- Generated by org.testng.reporters.JUnitReportReporter -->
<testsuite hostname="MAASDS02610A" failures="0" tests="1" name="com.livewire.testcases.LoginPageTest" time="13.113" errors="0" timestamp="2024-07-23T10:25:50 IST" skipped="0">
  <testcase classname="com.livewire.testcases.LoginPageTest" name="superAdminLogin" time="13.113"/>
</testsuite> <!-- com.livewire.testcases.LoginPageTest -->
