<?xml version="1.0" encoding="UTF-8"?>
<!-- Generated by org.testng.reporters.JUnitReportReporter -->
<testsuite skipped="0" hostname="MAASDS03681A" name="com.isca.testcases.TC005_ISCA_EditorJobListPage" tests="1" failures="0" timestamp="03 Aug 2023 06:58:07 GMT" time="122.967" errors="0">
  <testcase name="loginCheck" time="122.967" classname="com.isca.testcases.TC005_ISCA_EditorJobListPage"/>
</testsuite> <!-- com.isca.testcases.TC005_ISCA_EditorJobListPage -->
