<?xml version="1.0" encoding="UTF-8"?>
<!-- Generated by org.testng.reporters.JUnitReportReporter -->
<testsuite hostname="MAA017906A" failures="0" tests="1" name="com.livewire.testcases.contactTab" time="205.048" errors="0" timestamp="2024-09-09T17:14:43 IST" skipped="0">
  <testcase classname="com.livewire.testcases.contactTab" name="superAdminLogin" time="205.048"/>
</testsuite> <!-- com.livewire.testcases.contactTab -->
