<?xml version="1.0" encoding="UTF-8"?>
<!-- Generated by org.testng.reporters.JUnitReportReporter -->
<testsuite hostname="MAA018013A" failures="0" tests="1" name="com.livewire.testcases.TC01_CategoryList" time="65.257" errors="0" timestamp="2025-02-25T16:16:07 IST" skipped="0">
  <testcase classname="com.livewire.testcases.TC01_CategoryList" name="superAdminLogin" time="65.257"/>
</testsuite> <!-- com.livewire.testcases.TC01_CategoryList -->
