<?xml version="1.0" encoding="UTF-8"?>
<!-- Generated by org.testng.reporters.JUnitReportReporter -->
<testsuite hostname="MAASDS02610A" failures="0" tests="1" name="com.livewire.testcases.TC001_Login" time="54.564" errors="0" timestamp="2024-07-24T14:44:50 IST" skipped="0">
  <testcase classname="com.livewire.testcases.TC001_Login" name="superAdminLogin" time="54.564"/>
</testsuite> <!-- com.livewire.testcases.TC001_Login -->
