<?xml version="1.0" encoding="UTF-8"?>
<!-- Generated by org.testng.reporters.JUnitReportReporter -->
<testsuite hostname="MAA018013A" failures="0" tests="1" name="com.livewire.testcases.TC02_Assessment" time="1265.637" errors="0" timestamp="2025-03-28T07:55:13 IST" skipped="0">
  <testcase classname="com.livewire.testcases.TC02_Assessment" name="LoginTest" time="1265.637"/>
</testsuite> <!-- com.livewire.testcases.TC02_Assessment -->
