<?xml version="1.0" encoding="UTF-8"?>
<!-- Generated by org.testng.reporters.JUnitReportReporter -->
<testsuite hostname="MAA018013A" failures="0" tests="1" name="com.livewire.testcases.TC01_WBT_HomePageTest" time="526.507" errors="0" timestamp="2025-01-07T15:13:19 IST" skipped="0">
  <testcase classname="com.livewire.testcases.TC01_WBT_HomePageTest" name="LoginTest" time="526.507"/>
</testsuite> <!-- com.livewire.testcases.TC01_WBT_HomePageTest -->
