<?xml version="1.0" encoding="UTF-8"?>
<!-- Generated by org.testng.reporters.JUnitReportReporter -->
<testsuite skipped="0" hostname="MAASDS02610A" name="com.ibps.testcases.App_BSP" tests="1" failures="0" timestamp="2023-03-24T12:07:32 IST" time="127.962" errors="0">
  <testcase name="adminLoginCheck" time="127.962" classname="com.ibps.testcases.App_BSP"/>
  <system-out/>
</testsuite> <!-- com.ibps.testcases.App_BSP -->
