<?xml version="1.0" encoding="UTF-8"?>
<!-- Generated by org.testng.reporters.JUnitReportReporter -->
<testsuite skipped="0" hostname="MAASDS02610A" name="com.ibps.testcases.App_DCCB" tests="1" failures="0" timestamp="2023-03-21T16:08:55 IST" time="1729.944" errors="0">
  <testcase name="adminLoginCheck" time="1729.944" classname="com.ibps.testcases.App_DCCB"/>
  <system-out/>
</testsuite> <!-- com.ibps.testcases.App_DCCB -->
