<?xml version="1.0" encoding="UTF-8"?>
<!-- Generated by org.testng.reporters.JUnitReportReporter -->
<testsuite hostname="MAA018013A" failures="0" tests="1" name="com.livewire.testcases.TC01_createUser_OrganizationTab" time="162.780" errors="0" timestamp="2025-03-13T16:23:18 IST" skipped="0">
  <testcase classname="com.livewire.testcases.TC01_createUser_OrganizationTab" name="superAdminLogin" time="162.780"/>
</testsuite> <!-- com.livewire.testcases.TC01_createUser_OrganizationTab -->
