<?xml version="1.0" encoding="UTF-8"?>
<!-- Generated by org.testng.reporters.JUnitReportReporter -->
<testsuite skipped="0" hostname="MAASDS02610A" name="com.ibps.testcases.App_BOB" tests="1" failures="0" timestamp="2023-03-21T10:53:49 IST" time="20.375" errors="0">
  <testcase name="adminLoginCheck" time="20.375" classname="com.ibps.testcases.App_BOB"/>
  <system-out/>
</testsuite> <!-- com.ibps.testcases.App_BOB -->
