<?xml version="1.0" encoding="UTF-8"?>
<!-- Generated by org.testng.reporters.JUnitReportReporter -->
<testsuite hostname="MAA018013A" failures="0" tests="1" name="com.livewire.testcases.TC02_WBT_ManageCourseTest" time="206.677" errors="0" timestamp="2025-01-03T14:42:35 IST" skipped="0">
  <testcase classname="com.livewire.testcases.TC02_WBT_ManageCourseTest" name="LoginTest" time="206.677"/>
</testsuite> <!-- com.livewire.testcases.TC02_WBT_ManageCourseTest -->
