<?xml version="1.0" encoding="UTF-8"?>
<!-- Generated by org.testng.reporters.JUnitReportReporter -->
<testsuite hostname="MAA018013A" failures="0" tests="1" name="com.livewire.testcases.TC01_HomePageTest" time="19.760" errors="0" timestamp="2025-06-03T15:22:27 IST" skipped="0">
  <testcase classname="com.livewire.testcases.TC01_HomePageTest" name="jenkinsTest" time="19.760"/>
</testsuite> <!-- com.livewire.testcases.TC01_HomePageTest -->
