<?xml version="1.0" encoding="UTF-8"?>
<!-- Generated by org.testng.reporters.JUnitReportReporter -->
<testsuite hostname="MAA018013A" failures="0" tests="1" name="com.livewire.testcases.TC03_Assessment" time="1334.577" errors="0" timestamp="2025-03-28T13:13:57 IST" skipped="0">
  <testcase classname="com.livewire.testcases.TC03_Assessment" name="LoginTest" time="1334.577"/>
</testsuite> <!-- com.livewire.testcases.TC03_Assessment -->
