<?xml version="1.0" encoding="UTF-8"?>
<!-- Generated by org.testng.reporters.JUnitReportReporter -->
<testsuite skipped="0" hostname="MAASDS03681A" name="com.isca.testcases.ISCA_Base" tests="1" failures="0" timestamp="19 Jul 2023 04:47:09 GMT" time="5.672" errors="0">
  <testcase name="loginCheck" time="5.672" classname="com.isca.testcases.ISCA_Base"/>
</testsuite> <!-- com.isca.testcases.ISCA_Base -->
