<?xml version="1.0" encoding="UTF-8"?>
<!-- Generated by org.testng.reporters.JUnitReportReporter -->
<testsuite skipped="0" hostname="MAASDS02610A" name="com.bis.testcases.App_NHB" tests="1" failures="0" timestamp="2023-01-24T11:45:10 IST" time="20.487" errors="0">
  <testcase name="adminLoginCheck" time="20.487" classname="com.bis.testcases.App_NHB"/>
  <system-out/>
</testsuite> <!-- com.bis.testcases.App_NHB -->
