<?xml version="1.0" encoding="UTF-8"?>
<!-- Generated by org.testng.reporters.JUnitReportReporter -->
<testsuite hostname="MAA018013A" failures="0" tests="1" name="com.jenkinsPractice.testcases.TC02_HomePageTest" time="4.564" errors="0" timestamp="2025-06-03T15:49:33 IST" skipped="0">
  <testcase classname="com.jenkinsPractice.testcases.TC02_HomePageTest" name="jenkinsTest" time="4.564"/>
</testsuite> <!-- com.jenkinsPractice.testcases.TC02_HomePageTest -->
