<?xml version="1.0" encoding="UTF-8"?>
<!-- Generated by org.testng.reporters.JUnitReportReporter -->
<testsuite hostname="MAA018013A" failures="0" tests="1" name="com.livewire.testcases.TC02_Assignment" time="499.858" errors="0" timestamp="2024-12-23T19:46:39 IST" skipped="0">
  <testcase classname="com.livewire.testcases.TC02_Assignment" name="AssignmentTest" time="499.858"/>
</testsuite> <!-- com.livewire.testcases.TC02_Assignment -->
