<?xml version="1.0" encoding="UTF-8"?>
<!-- Generated by org.testng.reporters.JUnitReportReporter -->
<testsuite skipped="0" hostname="MAASDS02610A" name="com.ibps.testcases.App_ESIC" tests="1" failures="0" timestamp="2023-02-04T13:10:27 IST" time="5655.521" errors="0">
  <testcase name="adminLoginCheck" time="5655.521" classname="com.ibps.testcases.App_ESIC"/>
  <system-out/>
</testsuite> <!-- com.ibps.testcases.App_ESIC -->
