<?xml version="1.0" encoding="UTF-8"?>
<!-- Generated by org.testng.reporters.JUnitReportReporter -->
<testsuite skipped="0" hostname="MAASDS03681A" name="com.isca.testcases.TC007_EditorDAMLogin" tests="1" failures="0" timestamp="03 Aug 2023 07:27:35 GMT" time="7.444" errors="0">
  <testcase name="loginCheck" time="7.444" classname="com.isca.testcases.TC007_EditorDAMLogin"/>
</testsuite> <!-- com.isca.testcases.TC007_EditorDAMLogin -->
