<?xml version="1.0" encoding="UTF-8"?>
<!-- Generated by org.testng.reporters.JUnitReportReporter -->
<testsuite skipped="0" hostname="MAASDS02610A" name="com.ibps.testcases.App_BIS" tests="1" failures="0" timestamp="2023-02-08T12:39:33 IST" time="4.687" errors="0">
  <testcase name="adminLoginCheck" time="4.687" classname="com.ibps.testcases.App_BIS"/>
  <system-out/>
</testsuite> <!-- com.ibps.testcases.App_BIS -->
