<?xml version="1.0" encoding="UTF-8"?>
<!-- Generated by org.testng.reporters.JUnitReportReporter -->
<testsuite skipped="0" hostname="MAASDS02610A" name="com.bis.testcases.TC000_BIS" tests="1" failures="0" timestamp="2022-10-20T11:06:26 IST" time="135.705" errors="0">
  <testcase name="adminLoginCheck" time="135.705" classname="com.bis.testcases.TC000_BIS"/>
  <system-out/>
</testsuite> <!-- com.bis.testcases.TC000_BIS -->
