<?xml version="1.0" encoding="UTF-8"?>
<!-- Generated by org.testng.reporters.JUnitReportReporter -->
<testsuite skipped="0" hostname="MAASDS02610A" name="com.bis.testcases.App_BOM" tests="1" failures="0" timestamp="2022-12-08T10:43:01 IST" time="3391.331" errors="0">
  <testcase name="adminLoginCheck" time="3391.331" classname="com.bis.testcases.App_BOM"/>
  <system-out/>
</testsuite> <!-- com.bis.testcases.App_BOM -->
