<?xml version="1.0" encoding="UTF-8"?>
<!-- Generated by org.testng.reporters.JUnitReportReporter -->
<testsuite skipped="0" hostname="MAASDS02610A" name="com.rashtriya.testcases.TC002_BIS_AD_Hindi" tests="75" failures="0" timestamp="2022-09-20T14:08:45 IST" time="10282.511" errors="1">
  <testcase name="adminLoginCheck" time="133.526" classname="com.rashtriya.testcases.TC002_BIS_AD_Hindi"/>
  <system-out/>
  <testcase name="adminLoginCheck" time="136.143" classname="com.rashtriya.testcases.TC002_BIS_AD_Hindi"/>
  <system-out/>
  <testcase name="adminLoginCheck" time="139.107" classname="com.rashtriya.testcases.TC002_BIS_AD_Hindi"/>
  <system-out/>
  <testcase name="adminLoginCheck" time="139.758" classname="com.rashtriya.testcases.TC002_BIS_AD_Hindi"/>
  <system-out/>
  <testcase name="adminLoginCheck" time="142.686" classname="com.rashtriya.testcases.TC002_BIS_AD_Hindi"/>
  <system-out/>
  <testcase name="adminLoginCheck" time="133.196" classname="com.rashtriya.testcases.TC002_BIS_AD_Hindi"/>
  <system-out/>
  <testcase name="adminLoginCheck" time="125.990" classname="com.rashtriya.testcases.TC002_BIS_AD_Hindi"/>
  <system-out/>
  <testcase name="adminLoginCheck" time="137.659" classname="com.rashtriya.testcases.TC002_BIS_AD_Hindi"/>
  <system-out/>
  <testcase name="adminLoginCheck" time="140.825" classname="com.rashtriya.testcases.TC002_BIS_AD_Hindi"/>
  <system-out/>
  <testcase name="adminLoginCheck" time="145.945" classname="com.rashtriya.testcases.TC002_BIS_AD_Hindi"/>
  <system-out/>
  <testcase name="adminLoginCheck" time="151.003" classname="com.rashtriya.testcases.TC002_BIS_AD_Hindi"/>
  <system-out/>
  <testcase name="adminLoginCheck" time="152.714" classname="com.rashtriya.testcases.TC002_BIS_AD_Hindi"/>
  <system-out/>
  <testcase name="adminLoginCheck" time="133.724" classname="com.rashtriya.testcases.TC002_BIS_AD_Hindi"/>
  <system-out/>
  <testcase name="adminLoginCheck" time="130.598" classname="com.rashtriya.testcases.TC002_BIS_AD_Hindi"/>
  <system-out/>
  <testcase name="adminLoginCheck" time="159.772" classname="com.rashtriya.testcases.TC002_BIS_AD_Hindi"/>
  <system-out/>
  <testcase name="adminLoginCheck" time="141.145" classname="com.rashtriya.testcases.TC002_BIS_AD_Hindi"/>
  <system-out/>
  <testcase name="adminLoginCheck" time="121.145" classname="com.rashtriya.testcases.TC002_BIS_AD_Hindi"/>
  <system-out/>
  <testcase name="adminLoginCheck" time="135.239" classname="com.rashtriya.testcases.TC002_BIS_AD_Hindi"/>
  <system-out/>
  <testcase name="adminLoginCheck" time="136.294" classname="com.rashtriya.testcases.TC002_BIS_AD_Hindi"/>
  <system-out/>
  <testcase name="adminLoginCheck" time="144.939" classname="com.rashtriya.testcases.TC002_BIS_AD_Hindi"/>
  <system-out/>
  <testcase name="adminLoginCheck" time="123.833" classname="com.rashtriya.testcases.TC002_BIS_AD_Hindi"/>
  <system-out/>
  <testcase name="adminLoginCheck" time="144.209" classname="com.rashtriya.testcases.TC002_BIS_AD_Hindi"/>
  <system-out/>
  <testcase name="adminLoginCheck" time="131.316" classname="com.rashtriya.testcases.TC002_BIS_AD_Hindi"/>
  <system-out/>
  <testcase name="adminLoginCheck" time="147.239" classname="com.rashtriya.testcases.TC002_BIS_AD_Hindi"/>
  <system-out/>
  <testcase name="adminLoginCheck" time="143.447" classname="com.rashtriya.testcases.TC002_BIS_AD_Hindi"/>
  <system-out/>
  <testcase name="adminLoginCheck" time="127.883" classname="com.rashtriya.testcases.TC002_BIS_AD_Hindi"/>
  <system-out/>
  <testcase name="adminLoginCheck" time="140.180" classname="com.rashtriya.testcases.TC002_BIS_AD_Hindi"/>
  <system-out/>
  <testcase name="adminLoginCheck" time="145.443" classname="com.rashtriya.testcases.TC002_BIS_AD_Hindi"/>
  <system-out/>
  <testcase name="adminLoginCheck" time="133.950" classname="com.rashtriya.testcases.TC002_BIS_AD_Hindi"/>
  <system-out/>
  <testcase name="adminLoginCheck" time="1.558" classname="com.rashtriya.testcases.TC002_BIS_AD_Hindi">
    <error type="org.openqa.selenium.NoSuchSessionException" message="invalid session id
Build info: version: &#039;3.13.0&#039;, revision: &#039;2f0d292&#039;, time: &#039;2018-06-25T15:24:21.231Z&#039;
System info: host: &#039;MAASDS02610A&#039;, ip: &#039;100.67.35.218&#039;, os.name: &#039;Windows 10&#039;, os.arch: &#039;amd64&#039;, os.version: &#039;10.0&#039;, java.version: &#039;1.8.0_281&#039;
Driver info: org.openqa.selenium.chrome.ChromeDriver
Capabilities {acceptInsecureCerts: false, browserName: chrome, browserVersion: 105.0.5195.102, chrome: {chromedriverVersion: 105.0.5195.52 (412c95e51883..., userDataDir: C:\Users\SDS02610\AppData\L...}, goog:chromeOptions: {debuggerAddress: localhost:61415}, javascriptEnabled: true, networkConnectionEnabled: false, pageLoadStrategy: normal, platform: WINDOWS, platformName: WINDOWS, proxy: Proxy(), setWindowRect: true, strictFileInteractability: false, timeouts: {implicit: 0, pageLoad: 300000, script: 30000}, unhandledPromptBehavior: dismiss and notify, webauthn:extension:credBlob: true, webauthn:extension:largeBlob: true, webauthn:virtualAuthenticators: true}
Session ID: 6675001f71cac0fca9adf4165a0d4c99
*** Element info: {Using=xpath, value=//a[@id=&#039;reg_click_here&#039;]}">
      <![CDATA[org.openqa.selenium.NoSuchSessionException: invalid session id
Build info: version: '3.13.0', revision: '2f0d292', time: '2018-06-25T15:24:21.231Z'
System info: host: 'MAASDS02610A', ip: '100.67.35.218', os.name: 'Windows 10', os.arch: 'amd64', os.version: '10.0', java.version: '1.8.0_281'
Driver info: org.openqa.selenium.chrome.ChromeDriver
Capabilities {acceptInsecureCerts: false, browserName: chrome, browserVersion: 105.0.5195.102, chrome: {chromedriverVersion: 105.0.5195.52 (412c95e51883..., userDataDir: C:\Users\SDS02610\AppData\L...}, goog:chromeOptions: {debuggerAddress: localhost:61415}, javascriptEnabled: true, networkConnectionEnabled: false, pageLoadStrategy: normal, platform: WINDOWS, platformName: WINDOWS, proxy: Proxy(), setWindowRect: true, strictFileInteractability: false, timeouts: {implicit: 0, pageLoad: 300000, script: 30000}, unhandledPromptBehavior: dismiss and notify, webauthn:extension:credBlob: true, webauthn:extension:largeBlob: true, webauthn:virtualAuthenticators: true}
Session ID: 6675001f71cac0fca9adf4165a0d4c99
*** Element info: {Using=xpath, value=//a[@id='reg_click_here']}
at sun.reflect.NativeConstructorAccessorImpl.newInstance0(Native Method)
at sun.reflect.NativeConstructorAccessorImpl.newInstance(Unknown Source)
at sun.reflect.DelegatingConstructorAccessorImpl.newInstance(Unknown Source)
at java.lang.reflect.Constructor.newInstance(Unknown Source)
at org.openqa.selenium.remote.http.W3CHttpResponseCodec.createException(W3CHttpResponseCodec.java:187)
at org.openqa.selenium.remote.http.W3CHttpResponseCodec.decode(W3CHttpResponseCodec.java:122)
at org.openqa.selenium.remote.http.W3CHttpResponseCodec.decode(W3CHttpResponseCodec.java:49)
at org.openqa.selenium.remote.HttpCommandExecutor.execute(HttpCommandExecutor.java:158)
at org.openqa.selenium.remote.service.DriverCommandExecutor.execute(DriverCommandExecutor.java:83)
at org.openqa.selenium.remote.RemoteWebDriver.execute(RemoteWebDriver.java:548)
at org.openqa.selenium.remote.RemoteWebDriver.findElement(RemoteWebDriver.java:322)
at org.openqa.selenium.remote.RemoteWebDriver.findElementByXPath(RemoteWebDriver.java:424)
at lib.selenium.WebDriverServiceImpl.locateElement(WebDriverServiceImpl.java:301)
at com.rashtriya.pages.LoginPage.clickNewRegistration(LoginPage.java:83)
at com.rashtriya.testcases.TC002_BIS_AD_Hindi.adminLoginCheck(TC002_BIS_AD_Hindi.java:45)
at sun.reflect.GeneratedMethodAccessor61.invoke(Unknown Source)
at sun.reflect.DelegatingMethodAccessorImpl.invoke(Unknown Source)
at java.lang.reflect.Method.invoke(Unknown Source)
at org.testng.internal.MethodInvocationHelper.invokeMethod(MethodInvocationHelper.java:133)
at org.testng.internal.TestInvoker.invokeMethod(TestInvoker.java:598)
at org.testng.internal.TestInvoker.invokeTestMethod(TestInvoker.java:173)
at org.testng.internal.MethodRunner.runInSequence(MethodRunner.java:46)
at org.testng.internal.TestInvoker$MethodInvocationAgent.invoke(TestInvoker.java:824)
at org.testng.internal.TestInvoker.invokeTestMethods(TestInvoker.java:146)
at org.testng.internal.TestMethodWorker.invokeTestMethods(TestMethodWorker.java:146)
at org.testng.internal.TestMethodWorker.run(TestMethodWorker.java:128)
at java.util.ArrayList.forEach(Unknown Source)
at org.testng.TestRunner.privateRun(TestRunner.java:794)
at org.testng.TestRunner.run(TestRunner.java:596)
at org.testng.SuiteRunner.runTest(SuiteRunner.java:377)
at org.testng.SuiteRunner.runSequentially(SuiteRunner.java:371)
at org.testng.SuiteRunner.privateRun(SuiteRunner.java:332)
at org.testng.SuiteRunner.run(SuiteRunner.java:276)
at org.testng.SuiteRunnerWorker.runSuite(SuiteRunnerWorker.java:53)
at org.testng.SuiteRunnerWorker.run(SuiteRunnerWorker.java:96)
at org.testng.TestNG.runSuitesSequentially(TestNG.java:1212)
at org.testng.TestNG.runSuitesLocally(TestNG.java:1134)
at org.testng.TestNG.runSuites(TestNG.java:1063)
at org.testng.TestNG.run(TestNG.java:1031)
at org.testng.remote.AbstractRemoteTestNG.run(AbstractRemoteTestNG.java:115)
at org.testng.remote.RemoteTestNG.initAndRun(RemoteTestNG.java:251)
at org.testng.remote.RemoteTestNG.main(RemoteTestNG.java:77)
]]>
    </error>
  </testcase> <!-- adminLoginCheck -->
  <system-out/>
  <testcase name="adminLoginCheck" time="140.674" classname="com.rashtriya.testcases.TC002_BIS_AD_Hindi"/>
  <system-out/>
  <testcase name="adminLoginCheck" time="157.282" classname="com.rashtriya.testcases.TC002_BIS_AD_Hindi"/>
  <system-out/>
  <testcase name="adminLoginCheck" time="142.404" classname="com.rashtriya.testcases.TC002_BIS_AD_Hindi"/>
  <system-out/>
  <testcase name="adminLoginCheck" time="140.882" classname="com.rashtriya.testcases.TC002_BIS_AD_Hindi"/>
  <system-out/>
  <testcase name="adminLoginCheck" time="142.099" classname="com.rashtriya.testcases.TC002_BIS_AD_Hindi"/>
  <system-out/>
  <testcase name="adminLoginCheck" time="150.386" classname="com.rashtriya.testcases.TC002_BIS_AD_Hindi"/>
  <system-out/>
  <testcase name="adminLoginCheck" time="143.262" classname="com.rashtriya.testcases.TC002_BIS_AD_Hindi"/>
  <system-out/>
  <testcase name="adminLoginCheck" time="152.683" classname="com.rashtriya.testcases.TC002_BIS_AD_Hindi"/>
  <system-out/>
  <testcase name="adminLoginCheck" time="128.883" classname="com.rashtriya.testcases.TC002_BIS_AD_Hindi"/>
  <system-out/>
  <testcase name="adminLoginCheck" time="142.595" classname="com.rashtriya.testcases.TC002_BIS_AD_Hindi"/>
  <system-out/>
  <testcase name="adminLoginCheck" time="134.993" classname="com.rashtriya.testcases.TC002_BIS_AD_Hindi"/>
  <system-out/>
  <testcase name="adminLoginCheck" time="126.204" classname="com.rashtriya.testcases.TC002_BIS_AD_Hindi"/>
  <system-out/>
  <testcase name="adminLoginCheck" time="141.800" classname="com.rashtriya.testcases.TC002_BIS_AD_Hindi"/>
  <system-out/>
  <testcase name="adminLoginCheck" time="148.348" classname="com.rashtriya.testcases.TC002_BIS_AD_Hindi"/>
  <system-out/>
  <testcase name="adminLoginCheck" time="134.706" classname="com.rashtriya.testcases.TC002_BIS_AD_Hindi"/>
  <system-out/>
  <testcase name="adminLoginCheck" time="126.746" classname="com.rashtriya.testcases.TC002_BIS_AD_Hindi"/>
  <system-out/>
  <testcase name="adminLoginCheck" time="138.982" classname="com.rashtriya.testcases.TC002_BIS_AD_Hindi"/>
  <system-out/>
  <testcase name="adminLoginCheck" time="134.709" classname="com.rashtriya.testcases.TC002_BIS_AD_Hindi"/>
  <system-out/>
  <testcase name="adminLoginCheck" time="128.160" classname="com.rashtriya.testcases.TC002_BIS_AD_Hindi"/>
  <system-out/>
  <testcase name="adminLoginCheck" time="136.724" classname="com.rashtriya.testcases.TC002_BIS_AD_Hindi"/>
  <system-out/>
  <testcase name="adminLoginCheck" time="133.322" classname="com.rashtriya.testcases.TC002_BIS_AD_Hindi"/>
  <system-out/>
  <testcase name="adminLoginCheck" time="131.643" classname="com.rashtriya.testcases.TC002_BIS_AD_Hindi"/>
  <system-out/>
  <testcase name="adminLoginCheck" time="137.923" classname="com.rashtriya.testcases.TC002_BIS_AD_Hindi"/>
  <system-out/>
  <testcase name="adminLoginCheck" time="140.740" classname="com.rashtriya.testcases.TC002_BIS_AD_Hindi"/>
  <system-out/>
  <testcase name="adminLoginCheck" time="126.539" classname="com.rashtriya.testcases.TC002_BIS_AD_Hindi"/>
  <system-out/>
  <testcase name="adminLoginCheck" time="136.428" classname="com.rashtriya.testcases.TC002_BIS_AD_Hindi"/>
  <system-out/>
  <testcase name="adminLoginCheck" time="173.054" classname="com.rashtriya.testcases.TC002_BIS_AD_Hindi"/>
  <system-out/>
  <testcase name="adminLoginCheck" time="145.496" classname="com.rashtriya.testcases.TC002_BIS_AD_Hindi"/>
  <system-out/>
  <testcase name="adminLoginCheck" time="136.132" classname="com.rashtriya.testcases.TC002_BIS_AD_Hindi"/>
  <system-out/>
  <testcase name="adminLoginCheck" time="127.599" classname="com.rashtriya.testcases.TC002_BIS_AD_Hindi"/>
  <system-out/>
  <testcase name="adminLoginCheck" time="125.353" classname="com.rashtriya.testcases.TC002_BIS_AD_Hindi"/>
  <system-out/>
  <testcase name="adminLoginCheck" time="147.010" classname="com.rashtriya.testcases.TC002_BIS_AD_Hindi"/>
  <system-out/>
  <testcase name="adminLoginCheck" time="140.184" classname="com.rashtriya.testcases.TC002_BIS_AD_Hindi"/>
  <system-out/>
  <testcase name="adminLoginCheck" time="137.074" classname="com.rashtriya.testcases.TC002_BIS_AD_Hindi"/>
  <system-out/>
  <testcase name="adminLoginCheck" time="134.659" classname="com.rashtriya.testcases.TC002_BIS_AD_Hindi"/>
  <system-out/>
  <testcase name="adminLoginCheck" time="137.707" classname="com.rashtriya.testcases.TC002_BIS_AD_Hindi"/>
  <system-out/>
  <testcase name="adminLoginCheck" time="126.780" classname="com.rashtriya.testcases.TC002_BIS_AD_Hindi"/>
  <system-out/>
  <testcase name="adminLoginCheck" time="130.991" classname="com.rashtriya.testcases.TC002_BIS_AD_Hindi"/>
  <system-out/>
  <testcase name="adminLoginCheck" time="152.477" classname="com.rashtriya.testcases.TC002_BIS_AD_Hindi"/>
  <system-out/>
  <testcase name="adminLoginCheck" time="147.124" classname="com.rashtriya.testcases.TC002_BIS_AD_Hindi"/>
  <system-out/>
  <testcase name="adminLoginCheck" time="141.898" classname="com.rashtriya.testcases.TC002_BIS_AD_Hindi"/>
  <system-out/>
  <testcase name="adminLoginCheck" time="146.791" classname="com.rashtriya.testcases.TC002_BIS_AD_Hindi"/>
  <system-out/>
  <testcase name="adminLoginCheck" time="144.482" classname="com.rashtriya.testcases.TC002_BIS_AD_Hindi"/>
  <system-out/>
  <testcase name="adminLoginCheck" time="126.649" classname="com.rashtriya.testcases.TC002_BIS_AD_Hindi"/>
  <system-out/>
  <testcase name="adminLoginCheck" time="141.468" classname="com.rashtriya.testcases.TC002_BIS_AD_Hindi"/>
  <system-out/>
</testsuite> <!-- com.rashtriya.testcases.TC002_BIS_AD_Hindi -->
