<?xml version="1.0" encoding="UTF-8"?>
<!-- Generated by org.testng.reporters.JUnitReportReporter -->
<testsuite skipped="0" hostname="MAASDS03681A" name="com.isca.testcases.TC006_ISCA_EditorReviewFunctions" tests="1" failures="0" timestamp="03 Aug 2023 05:11:52 GMT" time="30.251" errors="0">
  <testcase name="loginCheck" time="30.251" classname="com.isca.testcases.TC006_ISCA_EditorReviewFunctions"/>
</testsuite> <!-- com.isca.testcases.TC006_ISCA_EditorReviewFunctions -->
