<?xml version="1.0" encoding="UTF-8"?>
<!-- Generated by org.testng.reporters.JUnitReportReporter -->
<testsuite skipped="0" hostname="MAASDS02610A" name="com.bis.testcases.App_RCF" tests="1" failures="0" timestamp="2022-12-26T16:58:13 IST" time="2151.172" errors="0">
  <testcase name="adminLoginCheck" time="2151.172" classname="com.bis.testcases.App_RCF"/>
  <system-out/>
</testsuite> <!-- com.bis.testcases.App_RCF -->
