<?xml version="1.0" encoding="UTF-8"?>
<!-- Generated by org.testng.reporters.JUnitReportReporter -->
<testsuite skipped="0" hostname="MAASDS02610A" name="com.rashtriya.testcases.TC001_FeesSubmision" tests="1" failures="0" timestamp="2022-09-07T17:24:39 IST" time="313.644" errors="0">
  <testcase name="adminLoginCheck" time="313.644" classname="com.rashtriya.testcases.TC001_FeesSubmision"/>
  <system-out/>
</testsuite> <!-- com.rashtriya.testcases.TC001_FeesSubmision -->
