<?xml version="1.0" encoding="UTF-8"?>
<!-- Generated by org.testng.reporters.JUnitReportReporter -->
<testsuite skipped="0" hostname="MAASDS02610A" name="com.bis.testcases.App_BSP" tests="1" failures="0" timestamp="2023-01-25T13:39:38 IST" time="367.469" errors="0">
  <testcase name="adminLoginCheck" time="367.469" classname="com.bis.testcases.App_BSP"/>
  <system-out/>
</testsuite> <!-- com.bis.testcases.App_BSP -->
