<?xml version="1.0" encoding="UTF-8"?>
<!-- Generated by org.testng.reporters.JUnitReportReporter -->
<testsuite skipped="0" hostname="MAASDS03681A" name="com.isca.testcases.TC003_ISCA_AdminReviewFunction" tests="1" failures="0" timestamp="03 Aug 2023 05:13:45 GMT" time="29.635" errors="0">
  <testcase name="loginCheck" time="29.635" classname="com.isca.testcases.TC003_ISCA_AdminReviewFunction"/>
</testsuite> <!-- com.isca.testcases.TC003_ISCA_AdminReviewFunction -->
