<?xml version="1.0" encoding="UTF-8"?>
<!-- Generated by org.testng.reporters.JUnitReportReporter -->
<testsuite skipped="0" hostname="MAASDS02610A" name="com.bis.testcases.App_JALGAON" tests="1" failures="0" timestamp="2022-12-15T17:12:26 IST" time="801.978" errors="0">
  <testcase name="adminLoginCheck" time="801.978" classname="com.bis.testcases.App_JALGAON"/>
  <system-out/>
</testsuite> <!-- com.bis.testcases.App_JALGAON -->
