<?xml version="1.0" encoding="UTF-8"?>
<!-- Generated by org.testng.reporters.JUnitReportReporter -->
<testsuite skipped="0" hostname="MAASDS02610A" name="com.bis.testcases.TC003_BIS_AD_Administration" tests="15" failures="0" timestamp="2022-09-20T16:18:28 IST" time="2024.415" errors="1">
  <testcase name="adminLoginCheck" time="122.085" classname="com.bis.testcases.TC003_BIS_AD_Administration"/>
  <system-out/>
  <testcase name="adminLoginCheck" time="114.329" classname="com.bis.testcases.TC003_BIS_AD_Administration">
    <error type="java.lang.NullPointerException">
      <![CDATA[java.lang.NullPointerException
at org.openqa.selenium.support.ui.Select.<init>(Select.java:44)
at com.ibps.pages.DetailsPage_Basic.selectDropDownUsingVisibleText(DetailsPage_Basic.java:91)
at com.bis.testcases.TC003_BIS_AD_Administration.adminLoginCheck(TC003_BIS_AD_Administration.java:82)
at sun.reflect.NativeMethodAccessorImpl.invoke0(Native Method)
at sun.reflect.NativeMethodAccessorImpl.invoke(Unknown Source)
at sun.reflect.DelegatingMethodAccessorImpl.invoke(Unknown Source)
at java.lang.reflect.Method.invoke(Unknown Source)
at org.testng.internal.MethodInvocationHelper.invokeMethod(MethodInvocationHelper.java:133)
at org.testng.internal.TestInvoker.invokeMethod(TestInvoker.java:598)
at org.testng.internal.TestInvoker.invokeTestMethod(TestInvoker.java:173)
at org.testng.internal.MethodRunner.runInSequence(MethodRunner.java:46)
at org.testng.internal.TestInvoker$MethodInvocationAgent.invoke(TestInvoker.java:824)
at org.testng.internal.TestInvoker.invokeTestMethods(TestInvoker.java:146)
at org.testng.internal.TestMethodWorker.invokeTestMethods(TestMethodWorker.java:146)
at org.testng.internal.TestMethodWorker.run(TestMethodWorker.java:128)
at java.util.ArrayList.forEach(Unknown Source)
at org.testng.TestRunner.privateRun(TestRunner.java:794)
at org.testng.TestRunner.run(TestRunner.java:596)
at org.testng.SuiteRunner.runTest(SuiteRunner.java:377)
at org.testng.SuiteRunner.runSequentially(SuiteRunner.java:371)
at org.testng.SuiteRunner.privateRun(SuiteRunner.java:332)
at org.testng.SuiteRunner.run(SuiteRunner.java:276)
at org.testng.SuiteRunnerWorker.runSuite(SuiteRunnerWorker.java:53)
at org.testng.SuiteRunnerWorker.run(SuiteRunnerWorker.java:96)
at org.testng.TestNG.runSuitesSequentially(TestNG.java:1212)
at org.testng.TestNG.runSuitesLocally(TestNG.java:1134)
at org.testng.TestNG.runSuites(TestNG.java:1063)
at org.testng.TestNG.run(TestNG.java:1031)
at org.testng.remote.AbstractRemoteTestNG.run(AbstractRemoteTestNG.java:115)
at org.testng.remote.RemoteTestNG.initAndRun(RemoteTestNG.java:251)
at org.testng.remote.RemoteTestNG.main(RemoteTestNG.java:77)
]]>
    </error>
  </testcase> <!-- adminLoginCheck -->
  <system-out/>
  <testcase name="adminLoginCheck" time="147.885" classname="com.bis.testcases.TC003_BIS_AD_Administration"/>
  <system-out/>
  <testcase name="adminLoginCheck" time="131.998" classname="com.bis.testcases.TC003_BIS_AD_Administration"/>
  <system-out/>
  <testcase name="adminLoginCheck" time="142.124" classname="com.bis.testcases.TC003_BIS_AD_Administration"/>
  <system-out/>
  <testcase name="adminLoginCheck" time="141.385" classname="com.bis.testcases.TC003_BIS_AD_Administration"/>
  <system-out/>
  <testcase name="adminLoginCheck" time="128.366" classname="com.bis.testcases.TC003_BIS_AD_Administration"/>
  <system-out/>
  <testcase name="adminLoginCheck" time="137.794" classname="com.bis.testcases.TC003_BIS_AD_Administration"/>
  <system-out/>
  <testcase name="adminLoginCheck" time="125.979" classname="com.bis.testcases.TC003_BIS_AD_Administration"/>
  <system-out/>
  <testcase name="adminLoginCheck" time="132.901" classname="com.bis.testcases.TC003_BIS_AD_Administration"/>
  <system-out/>
  <testcase name="adminLoginCheck" time="139.028" classname="com.bis.testcases.TC003_BIS_AD_Administration"/>
  <system-out/>
  <testcase name="adminLoginCheck" time="136.708" classname="com.bis.testcases.TC003_BIS_AD_Administration"/>
  <system-out/>
  <testcase name="adminLoginCheck" time="136.091" classname="com.bis.testcases.TC003_BIS_AD_Administration"/>
  <system-out/>
  <testcase name="adminLoginCheck" time="157.561" classname="com.bis.testcases.TC003_BIS_AD_Administration"/>
  <system-out/>
  <testcase name="adminLoginCheck" time="130.181" classname="com.bis.testcases.TC003_BIS_AD_Administration"/>
  <system-out/>
</testsuite> <!-- com.bis.testcases.TC003_BIS_AD_Administration -->
