<?xml version="1.0" encoding="UTF-8"?>
<!-- Generated by org.testng.reporters.JUnitReportReporter -->
<testsuite hostname="MAA018013A" failures="0" tests="1" name="com.livewire.testcases.TC05_ILT" time="377.777" errors="0" timestamp="2025-02-20T13:58:05 IST" skipped="0">
  <testcase classname="com.livewire.testcases.TC05_ILT" name="superAdminLogin" time="377.777"/>
</testsuite> <!-- com.livewire.testcases.TC05_ILT -->
