<?xml version="1.0" encoding="UTF-8"?>
<!-- Generated by org.testng.reporters.JUnitReportReporter -->
<testsuite skipped="0" hostname="MAASDS02610A" name="com.bis.testcases.App_BOM_SPECIALIST" tests="1" failures="0" timestamp="2022-12-28T21:30:07 IST" time="4203.768" errors="0">
  <testcase name="adminLoginCheck" time="4203.768" classname="com.bis.testcases.App_BOM_SPECIALIST"/>
  <system-out/>
</testsuite> <!-- com.bis.testcases.App_BOM_SPECIALIST -->
