<?xml version="1.0" encoding="UTF-8"?>
<!-- Generated by org.testng.reporters.JUnitReportReporter -->
<testsuite skipped="0" hostname="MAASDS02610A" name="com.bis.testcases.App_BIS" tests="1" failures="0" timestamp="2022-12-12T10:56:34 IST" time="2821.789" errors="0">
  <testcase name="adminLoginCheck" time="2821.789" classname="com.bis.testcases.App_BIS"/>
  <system-out/>
</testsuite> <!-- com.bis.testcases.App_BIS -->
