<?xml version="1.0" encoding="UTF-8"?>
<!-- Generated by org.testng.reporters.JUnitReportReporter -->
<testsuite hostname="MAA018013A" failures="0" tests="1" name="com.jenkinsPractice.testcases.TC01_HomePageTest" time="10.779" errors="0" timestamp="2025-06-03T15:49:33 IST" skipped="0">
  <testcase classname="com.jenkinsPractice.testcases.TC01_HomePageTest" name="jenkinsTest" time="10.779"/>
</testsuite> <!-- com.jenkinsPractice.testcases.TC01_HomePageTest -->
