<?xml version="1.0" encoding="UTF-8"?>
<!-- Generated by org.testng.reporters.JUnitReportReporter -->
<testsuite skipped="0" hostname="MAASDS03681A" name="com.isca.testcases.TC001_AD_ReviewPage" tests="1" failures="0" timestamp="07 Aug 2023 04:47:25 GMT" time="44.746" errors="0">
  <testcase name="loginCheck" time="44.746" classname="com.isca.testcases.TC001_AD_ReviewPage"/>
</testsuite> <!-- com.isca.testcases.TC001_AD_ReviewPage -->
