<?xml version="1.0" encoding="UTF-8"?>
<!-- Generated by org.testng.reporters.JUnitReportReporter -->
<testsuite hostname="MAA017906A" failures="0" tests="1" name="com.livewire.testcases.TC03_WBTBasedTrainingTest" time="175.607" errors="0" timestamp="2024-09-09T21:50:13 IST" skipped="0">
  <testcase classname="com.livewire.testcases.TC03_WBTBasedTrainingTest" name="LoginTest" time="175.607"/>
</testsuite> <!-- com.livewire.testcases.TC03_WBTBasedTrainingTest -->
