<?xml version="1.0" encoding="UTF-8"?>
<!-- Generated by org.testng.reporters.JUnitReportReporter -->
<testsuite skipped="0" hostname="MAASDS02610A" name="com.bis.testcases.TC001_BIS" tests="1" failures="0" timestamp="2022-11-18T10:35:27 IST" time="2216.457" errors="0">
  <testcase name="adminLoginCheck" time="2216.457" classname="com.bis.testcases.TC001_BIS"/>
  <system-out/>
</testsuite> <!-- com.bis.testcases.TC001_BIS -->
