<?xml version="1.0" encoding="UTF-8"?>
<!-- Generated by org.testng.reporters.JUnitReportReporter -->
<testsuite skipped="0" hostname="MAASDS03681A" name="com.isca.testcases.TC002_ISCA_EditorReviewFunctions" tests="1" failures="0" timestamp="27 Jul 2023 05:10:11 GMT" time="27.916" errors="0">
  <testcase name="loginCheck" time="27.916" classname="com.isca.testcases.TC002_ISCA_EditorReviewFunctions"/>
</testsuite> <!-- com.isca.testcases.TC002_ISCA_EditorReviewFunctions -->
