<?xml version="1.0" encoding="UTF-8"?>
<!-- Generated by org.testng.reporters.JUnitReportReporter -->
<testsuite hostname="MAA018013A" failures="0" tests="1" name="com.livewire.testcases.TC01_createUser_contactTab" time="199.842" errors="0" timestamp="2025-03-13T16:03:09 IST" skipped="0">
  <testcase classname="com.livewire.testcases.TC01_createUser_contactTab" name="superAdminLogin" time="199.842"/>
</testsuite> <!-- com.livewire.testcases.TC01_createUser_contactTab -->
