<?xml version="1.0" encoding="UTF-8"?>
<!-- Generated by org.testng.reporters.JUnitReportReporter -->
<testsuite hostname="MAA017906A" failures="0" tests="1" name="com.livewire.testcases.OrganizationTab" time="103.948" errors="0" timestamp="2024-09-09T17:20:48 IST" skipped="0">
  <testcase classname="com.livewire.testcases.OrganizationTab" name="superAdminLogin" time="103.948"/>
</testsuite> <!-- com.livewire.testcases.OrganizationTab -->
