<?xml version="1.0" encoding="UTF-8"?>
<!-- Generated by org.testng.reporters.JUnitReportReporter -->
<testsuite skipped="0" hostname="MAASDS02610A" name="com.bis.testcases.App_BOM_APPRENTICES" tests="1" failures="0" timestamp="2022-12-28T11:15:13 IST" time="12.635" errors="0">
  <testcase name="adminLoginCheck" time="12.635" classname="com.bis.testcases.App_BOM_APPRENTICES"/>
  <system-out/>
</testsuite> <!-- com.bis.testcases.App_BOM_APPRENTICES -->
