<?xml version="1.0" encoding="UTF-8"?>
<!-- Generated by org.testng.reporters.JUnitReportReporter -->
<testsuite skipped="0" hostname="MAASDS03681A" name="com.isca.testcases.TC002_ISCA_AdminHomePage" tests="1" failures="0" timestamp="28 Jul 2023 12:22:41 GMT" time="52.143" errors="0">
  <testcase name="loginCheck" time="52.143" classname="com.isca.testcases.TC002_ISCA_AdminHomePage"/>
</testsuite> <!-- com.isca.testcases.TC002_ISCA_AdminHomePage -->
