<?xml version="1.0" encoding="UTF-8"?>
<!-- Generated by org.testng.reporters.JUnitReportReporter -->
<testsuite skipped="0" hostname="MAASDS02610A" name="com.bis.testcases.App_DCAMAS" tests="1" failures="0" timestamp="2022-12-20T17:54:04 IST" time="13.916" errors="0">
  <testcase name="adminLoginCheck" time="13.916" classname="com.bis.testcases.App_DCAMAS"/>
  <system-out/>
</testsuite> <!-- com.bis.testcases.App_DCAMAS -->
